<?xml version="1.0" encoding="UTF-8"?>
<testsuite name="com.example.vertx_starter.TestJsonObjectExample" tests="4" skipped="0" failures="0" errors="0" timestamp="2022-01-26T10:30:56" hostname="LAPTOP-08VG4RUV" time="0.058">
  <properties/>
  <testcase name="jsonObjectCanBeMapped()" classname="com.example.vertx_starter.TestJsonObjectExample" time="0.027"/>
  <testcase name="jsonArrayCanBeMap()" classname="com.example.vertx_starter.TestJsonObjectExample" time="0.0"/>
  <testcase name="canMapJavaObjects()" classname="com.example.vertx_starter.TestJsonObjectExample" time="0.029"/>
  <testcase name="jsonObjectCanBeCreateFromMap()" classname="com.example.vertx_starter.TestJsonObjectExample" time="0.0"/>
  <system-out><![CDATA[]]></system-out>
  <system-err><![CDATA[]]></system-err>
</testsuite>
