<?xml version="1.0" encoding="UTF-8"?>
<testsuite name="com.example.vertx_starter.TestMainVerticle" tests="1" skipped="0" failures="0" errors="0" timestamp="2022-01-26T10:30:56" hostname="LAPTOP-08VG4RUV" time="0.053">
  <properties/>
  <testcase name="verticle_deployed(Vertx, VertxTestContext)" classname="com.example.vertx_starter.TestMainVerticle" time="0.053"/>
  <system-out><![CDATA[HTTP server started on port 8888
]]></system-out>
  <system-err><![CDATA[]]></system-err>
</testsuite>
